<?xml version="1.0" encoding="UTF-8"?>
<coverage generated="1522012415987" clover="3.2.0">
  <project timestamp="1522012415987" name="All files">
    <metrics statements="30" coveredstatements="22" conditionals="6" coveredconditionals="4" methods="16" coveredmethods="9" elements="52" coveredelements="35" complexity="0" loc="30" ncloc="30" packages="6" files="6" classes="6">
      <package name="src">
        <metrics statements="1" coveredstatements="1" conditionals="0" coveredconditionals="0" methods="1" coveredmethods="1"/>
        <file name="App.js" path="/Users/eduardopedroso/poc-playground/src/App.js">
          <metrics statements="1" coveredstatements="1" conditionals="0" coveredconditionals="0" methods="1" coveredmethods="1"/>
          <line num="5" count="1" type="stmt"/>
        </file>
      </package>
      <package name="src.components.common.SideBarSlideAlong">
        <metrics statements="17" coveredstatements="13" conditionals="6" coveredconditionals="4" methods="7" coveredmethods="4"/>
        <file name="index.js" path="/Users/eduardopedroso/poc-playground/src/components/common/SideBarSlideAlong/index.js">
          <metrics statements="17" coveredstatements="13" conditionals="6" coveredconditionals="4" methods="7" coveredmethods="4"/>
          <line num="9" count="1" type="stmt"/>
          <line num="15" count="1" type="stmt"/>
          <line num="17" count="1" type="stmt"/>
          <line num="21" count="1" type="stmt"/>
          <line num="22" count="1" type="stmt"/>
          <line num="26" count="0" type="stmt"/>
          <line num="27" count="0" type="stmt"/>
          <line num="29" count="0" type="stmt"/>
          <line num="33" count="5" type="stmt"/>
          <line num="34" count="0" type="stmt"/>
          <line num="43" count="1" type="stmt"/>
          <line num="44" count="1" type="stmt"/>
          <line num="45" count="1" type="stmt"/>
          <line num="49" count="2" type="stmt"/>
          <line num="50" count="2" type="stmt"/>
          <line num="69" count="1" type="stmt"/>
          <line num="73" count="1" type="stmt"/>
        </file>
      </package>
      <package name="src.scenes.Inventory.Inventory">
        <metrics statements="3" coveredstatements="2" conditionals="0" coveredconditionals="0" methods="2" coveredmethods="1"/>
        <file name="index.js" path="/Users/eduardopedroso/poc-playground/src/scenes/Inventory/Inventory/index.js">
          <metrics statements="3" coveredstatements="2" conditionals="0" coveredconditionals="0" methods="2" coveredmethods="1"/>
          <line num="7" count="1" type="stmt"/>
          <line num="13" count="1" type="stmt"/>
          <line num="14" count="0" type="stmt"/>
        </file>
      </package>
      <package name="src.scenes.Orders.MyOrders">
        <metrics statements="3" coveredstatements="2" conditionals="0" coveredconditionals="0" methods="2" coveredmethods="1"/>
        <file name="index.js" path="/Users/eduardopedroso/poc-playground/src/scenes/Orders/MyOrders/index.js">
          <metrics statements="3" coveredstatements="2" conditionals="0" coveredconditionals="0" methods="2" coveredmethods="1"/>
          <line num="7" count="1" type="stmt"/>
          <line num="13" count="1" type="stmt"/>
          <line num="14" count="0" type="stmt"/>
        </file>
      </package>
      <package name="src.scenes.Orders.OrderDetails">
        <metrics statements="3" coveredstatements="2" conditionals="0" coveredconditionals="0" methods="2" coveredmethods="1"/>
        <file name="index.js" path="/Users/eduardopedroso/poc-playground/src/scenes/Orders/OrderDetails/index.js">
          <metrics statements="3" coveredstatements="2" conditionals="0" coveredconditionals="0" methods="2" coveredmethods="1"/>
          <line num="7" count="1" type="stmt"/>
          <line num="13" count="1" type="stmt"/>
          <line num="14" count="0" type="stmt"/>
        </file>
      </package>
      <package name="src.scenes.Orders.OrdersHistory">
        <metrics statements="3" coveredstatements="2" conditionals="0" coveredconditionals="0" methods="2" coveredmethods="1"/>
        <file name="index.js" path="/Users/eduardopedroso/poc-playground/src/scenes/Orders/OrdersHistory/index.js">
          <metrics statements="3" coveredstatements="2" conditionals="0" coveredconditionals="0" methods="2" coveredmethods="1"/>
          <line num="7" count="1" type="stmt"/>
          <line num="13" count="1" type="stmt"/>
          <line num="14" count="0" type="stmt"/>
        </file>
      </package>
    </metrics>
  </project>
</coverage>
