<?xml version="1.0" encoding="UTF-8"?>
<coverage generated="1522080934277" clover="3.2.0">
  <project timestamp="1522080934277" name="All files">
    <metrics statements="46" coveredstatements="31" conditionals="20" coveredconditionals="9" methods="24" coveredmethods="13" elements="90" coveredelements="53" complexity="0" loc="46" ncloc="46" packages="7" files="7" classes="7">
      <package name="src">
        <metrics statements="1" coveredstatements="1" conditionals="0" coveredconditionals="0" methods="1" coveredmethods="1"/>
        <file name="App.js" path="/Users/eduardopedroso/poc-playground/src/App.js">
          <metrics statements="1" coveredstatements="1" conditionals="0" coveredconditionals="0" methods="1" coveredmethods="1"/>
          <line num="5" count="1" type="stmt"/>
        </file>
      </package>
      <package name="src.components.common.SideBarSlideAlong">
        <metrics statements="15" coveredstatements="14" conditionals="6" coveredconditionals="4" methods="6" coveredmethods="5"/>
        <file name="index.js" path="/Users/eduardopedroso/poc-playground/src/components/common/SideBarSlideAlong/index.js">
          <metrics statements="15" coveredstatements="14" conditionals="6" coveredconditionals="4" methods="6" coveredmethods="5"/>
          <line num="9" count="1" type="stmt"/>
          <line num="15" count="2" type="stmt"/>
          <line num="17" count="2" type="stmt"/>
          <line num="21" count="2" type="stmt"/>
          <line num="22" count="2" type="stmt"/>
          <line num="26" count="1" type="stmt"/>
          <line num="27" count="1" type="stmt"/>
          <line num="31" count="15" type="stmt"/>
          <line num="32" count="0" type="stmt"/>
          <line num="41" count="2" type="stmt"/>
          <line num="42" count="2" type="stmt"/>
          <line num="46" count="5" type="stmt"/>
          <line num="47" count="5" type="stmt"/>
          <line num="66" count="1" type="stmt"/>
          <line num="70" count="1" type="stmt"/>
        </file>
      </package>
      <package name="src.components.common.SortableTable">
        <metrics statements="18" coveredstatements="8" conditionals="14" coveredconditionals="5" methods="9" coveredmethods="3"/>
        <file name="index.js" path="/Users/eduardopedroso/poc-playground/src/components/common/SortableTable/index.js">
          <metrics statements="18" coveredstatements="8" conditionals="14" coveredconditionals="5" methods="9" coveredmethods="3"/>
          <line num="6" count="1" type="stmt"/>
          <line num="13" count="1" type="stmt"/>
          <line num="23" count="1" type="stmt"/>
          <line num="24" count="1" type="stmt"/>
          <line num="30" count="1" type="stmt"/>
          <line num="34" count="0" type="stmt"/>
          <line num="35" count="0" type="cond" truecount="0" falsecount="2"/>
          <line num="36" count="0" type="stmt"/>
          <line num="42" count="0" type="stmt"/>
          <line num="45" count="0" type="stmt"/>
          <line num="52" count="1" type="stmt"/>
          <line num="54" count="1" type="stmt"/>
          <line num="58" count="0" type="cond" truecount="1" falsecount="1"/>
          <line num="61" count="0" type="cond" truecount="1" falsecount="1"/>
          <line num="64" count="0" type="cond" truecount="1" falsecount="1"/>
          <line num="67" count="0" type="cond" truecount="1" falsecount="1"/>
          <line num="70" count="0" type="cond" truecount="1" falsecount="1"/>
          <line num="77" count="4" type="stmt"/>
        </file>
      </package>
      <package name="src.scenes.Inventory.Inventory">
        <metrics statements="3" coveredstatements="2" conditionals="0" coveredconditionals="0" methods="2" coveredmethods="1"/>
        <file name="index.js" path="/Users/eduardopedroso/poc-playground/src/scenes/Inventory/Inventory/index.js">
          <metrics statements="3" coveredstatements="2" conditionals="0" coveredconditionals="0" methods="2" coveredmethods="1"/>
          <line num="7" count="1" type="stmt"/>
          <line num="13" count="1" type="stmt"/>
          <line num="14" count="0" type="stmt"/>
        </file>
      </package>
      <package name="src.scenes.Orders.MyOrders">
        <metrics statements="3" coveredstatements="2" conditionals="0" coveredconditionals="0" methods="2" coveredmethods="1"/>
        <file name="index.js" path="/Users/eduardopedroso/poc-playground/src/scenes/Orders/MyOrders/index.js">
          <metrics statements="3" coveredstatements="2" conditionals="0" coveredconditionals="0" methods="2" coveredmethods="1"/>
          <line num="7" count="1" type="stmt"/>
          <line num="13" count="1" type="stmt"/>
          <line num="14" count="0" type="stmt"/>
        </file>
      </package>
      <package name="src.scenes.Orders.OrderDetails">
        <metrics statements="3" coveredstatements="2" conditionals="0" coveredconditionals="0" methods="2" coveredmethods="1"/>
        <file name="index.js" path="/Users/eduardopedroso/poc-playground/src/scenes/Orders/OrderDetails/index.js">
          <metrics statements="3" coveredstatements="2" conditionals="0" coveredconditionals="0" methods="2" coveredmethods="1"/>
          <line num="7" count="1" type="stmt"/>
          <line num="13" count="1" type="stmt"/>
          <line num="14" count="0" type="stmt"/>
        </file>
      </package>
      <package name="src.scenes.Orders.OrdersHistory">
        <metrics statements="3" coveredstatements="2" conditionals="0" coveredconditionals="0" methods="2" coveredmethods="1"/>
        <file name="index.js" path="/Users/eduardopedroso/poc-playground/src/scenes/Orders/OrdersHistory/index.js">
          <metrics statements="3" coveredstatements="2" conditionals="0" coveredconditionals="0" methods="2" coveredmethods="1"/>
          <line num="8" count="1" type="stmt"/>
          <line num="16" count="1" type="stmt"/>
          <line num="17" count="0" type="stmt"/>
        </file>
      </package>
    </metrics>
  </project>
</coverage>
