{"/Users/eduardopedroso/poc-playground/src/App.js": {"path":"/Users/eduardopedroso/poc-playground/src/App.js","statementMap":{"0":{"start":{"line":5,"column":4},"end":{"line":7,"column":5}}},"fnMap":{"0":{"name":"(anonymous_0)","decl":{"start":{"line":4,"column":2},"end":{"line":4,"column":3}},"loc":{"start":{"line":4,"column":12},"end":{"line":8,"column":3}},"line":4}},"branchMap":{},"s":{"0":1},"f":{"0":1},"b":{},"_coverageSchema":"332fd63041d2c1bcb487cc26dd0d5f7d97098a6c","hash":"fd54955237a2444700b9ac40cdcb37e43cc9a8c4"}
,"/Users/eduardopedroso/poc-playground/src/components/common/SideBarSlideAlong/index.js": {"path":"/Users/eduardopedroso/poc-playground/src/components/common/SideBarSlideAlong/index.js","statementMap":{"0":{"start":{"line":9,"column":24},"end":{"line":11,"column":1}},"1":{"start":{"line":15,"column":4},"end":{"line":15,"column":18}},"2":{"start":{"line":17,"column":4},"end":{"line":19,"column":5}},"3":{"start":{"line":21,"column":4},"end":{"line":21,"column":56}},"4":{"start":{"line":22,"column":4},"end":{"line":22,"column":50}},"5":{"start":{"line":26,"column":4},"end":{"line":26,"column":47}},"6":{"start":{"line":27,"column":4},"end":{"line":27,"column":48}},"7":{"start":{"line":31,"column":4},"end":{"line":37,"column":5}},"8":{"start":{"line":32,"column":32},"end":{"line":32,"column":55}},"9":{"start":{"line":41,"column":28},"end":{"line":41,"column":64}},"10":{"start":{"line":42,"column":4},"end":{"line":42,"column":57}},"11":{"start":{"line":46,"column":20},"end":{"line":46,"column":30}},"12":{"start":{"line":47,"column":4},"end":{"line":62,"column":5}},"13":{"start":{"line":66,"column":0},"end":{"line":68,"column":1}},"14":{"start":{"line":70,"column":0},"end":{"line":74,"column":1}}},"fnMap":{"0":{"name":"(anonymous_0)","decl":{"start":{"line":14,"column":2},"end":{"line":14,"column":3}},"loc":{"start":{"line":14,"column":24},"end":{"line":23,"column":3}},"line":14},"1":{"name":"(anonymous_1)","decl":{"start":{"line":25,"column":2},"end":{"line":25,"column":3}},"loc":{"start":{"line":25,"column":22},"end":{"line":28,"column":3}},"line":25},"2":{"name":"(anonymous_2)","decl":{"start":{"line":30,"column":2},"end":{"line":30,"column":3}},"loc":{"start":{"line":30,"column":52},"end":{"line":38,"column":3}},"line":30},"3":{"name":"(anonymous_3)","decl":{"start":{"line":32,"column":26},"end":{"line":32,"column":27}},"loc":{"start":{"line":32,"column":32},"end":{"line":32,"column":55}},"line":32},"4":{"name":"(anonymous_4)","decl":{"start":{"line":40,"column":2},"end":{"line":40,"column":3}},"loc":{"start":{"line":40,"column":23},"end":{"line":43,"column":3}},"line":40},"5":{"name":"(anonymous_5)","decl":{"start":{"line":45,"column":2},"end":{"line":45,"column":3}},"loc":{"start":{"line":45,"column":12},"end":{"line":63,"column":3}},"line":45}},"branchMap":{"0":{"loc":{"start":{"line":34,"column":9},"end":{"line":34,"column":37}},"type":"binary-expr","locations":[{"start":{"line":34,"column":9},"end":{"line":34,"column":13}},{"start":{"line":34,"column":17},"end":{"line":34,"column":37}}],"line":34},"1":{"loc":{"start":{"line":35,"column":9},"end":{"line":35,"column":35}},"type":"binary-expr","locations":[{"start":{"line":35,"column":9},"end":{"line":35,"column":27}},{"start":{"line":35,"column":31},"end":{"line":35,"column":35}}],"line":35},"2":{"loc":{"start":{"line":51,"column":13},"end":{"line":51,"column":52}},"type":"binary-expr","locations":[{"start":{"line":51,"column":13},"end":{"line":51,"column":18}},{"start":{"line":51,"column":22},"end":{"line":51,"column":52}}],"line":51}},"s":{"0":1,"1":2,"2":2,"3":2,"4":2,"5":1,"6":1,"7":15,"8":0,"9":2,"10":2,"11":5,"12":5,"13":1,"14":1},"f":{"0":2,"1":1,"2":15,"3":0,"4":2,"5":5},"b":{"0":[15,0],"1":[15,0],"2":[5,5]},"_coverageSchema":"332fd63041d2c1bcb487cc26dd0d5f7d97098a6c","hash":"8da67f3959851b911e825dcde58b151afb17f68c"}
,"/Users/eduardopedroso/poc-playground/src/components/common/SortableTable/index.js": {"path":"/Users/eduardopedroso/poc-playground/src/components/common/SortableTable/index.js","statementMap":{"0":{"start":{"line":6,"column":18},"end":{"line":11,"column":1}},"1":{"start":{"line":15,"column":4},"end":{"line":15,"column":11}},"2":{"start":{"line":16,"column":4},"end":{"line":20,"column":5}},"3":{"start":{"line":22,"column":4},"end":{"line":22,"column":48}},"4":{"start":{"line":26,"column":38},"end":{"line":26,"column":48}},"5":{"start":{"line":28,"column":4},"end":{"line":36,"column":5}},"6":{"start":{"line":29,"column":6},"end":{"line":33,"column":8}},"7":{"start":{"line":35,"column":6},"end":{"line":35,"column":12}},"8":{"start":{"line":38,"column":4},"end":{"line":41,"column":6}},"9":{"start":{"line":45,"column":38},"end":{"line":45,"column":48}},"10":{"start":{"line":47,"column":4},"end":{"line":72,"column":5}},"11":{"start":{"line":51,"column":91},"end":{"line":51,"column":114}},"12":{"start":{"line":54,"column":90},"end":{"line":54,"column":112}},"13":{"start":{"line":57,"column":93},"end":{"line":57,"column":118}},"14":{"start":{"line":64,"column":12},"end":{"line":68,"column":24}}},"fnMap":{"0":{"name":"(anonymous_0)","decl":{"start":{"line":14,"column":2},"end":{"line":14,"column":3}},"loc":{"start":{"line":14,"column":17},"end":{"line":23,"column":3}},"line":14},"1":{"name":"(anonymous_1)","decl":{"start":{"line":25,"column":2},"end":{"line":25,"column":3}},"loc":{"start":{"line":25,"column":29},"end":{"line":42,"column":3}},"line":25},"2":{"name":"(anonymous_2)","decl":{"start":{"line":44,"column":2},"end":{"line":44,"column":3}},"loc":{"start":{"line":44,"column":12},"end":{"line":73,"column":3}},"line":44},"3":{"name":"(anonymous_3)","decl":{"start":{"line":51,"column":85},"end":{"line":51,"column":86}},"loc":{"start":{"line":51,"column":91},"end":{"line":51,"column":114}},"line":51},"4":{"name":"(anonymous_4)","decl":{"start":{"line":54,"column":84},"end":{"line":54,"column":85}},"loc":{"start":{"line":54,"column":90},"end":{"line":54,"column":112}},"line":54},"5":{"name":"(anonymous_5)","decl":{"start":{"line":57,"column":87},"end":{"line":57,"column":88}},"loc":{"start":{"line":57,"column":93},"end":{"line":57,"column":118}},"line":57},"6":{"name":"(anonymous_6)","decl":{"start":{"line":63,"column":21},"end":{"line":63,"column":22}},"loc":{"start":{"line":64,"column":12},"end":{"line":68,"column":24}},"line":64}},"branchMap":{"0":{"loc":{"start":{"line":28,"column":4},"end":{"line":36,"column":5}},"type":"if","locations":[{"start":{"line":28,"column":4},"end":{"line":36,"column":5}},{"start":{"line":28,"column":4},"end":{"line":36,"column":5}}],"line":28},"1":{"loc":{"start":{"line":40,"column":17},"end":{"line":40,"column":71}},"type":"cond-expr","locations":[{"start":{"line":40,"column":45},"end":{"line":40,"column":57}},{"start":{"line":40,"column":60},"end":{"line":40,"column":71}}],"line":40},"2":{"loc":{"start":{"line":51,"column":38},"end":{"line":51,"column":74}},"type":"cond-expr","locations":[{"start":{"line":51,"column":58},"end":{"line":51,"column":67}},{"start":{"line":51,"column":70},"end":{"line":51,"column":74}}],"line":51},"3":{"loc":{"start":{"line":54,"column":38},"end":{"line":54,"column":73}},"type":"cond-expr","locations":[{"start":{"line":54,"column":57},"end":{"line":54,"column":66}},{"start":{"line":54,"column":69},"end":{"line":54,"column":73}}],"line":54},"4":{"loc":{"start":{"line":57,"column":38},"end":{"line":57,"column":76}},"type":"cond-expr","locations":[{"start":{"line":57,"column":60},"end":{"line":57,"column":69}},{"start":{"line":57,"column":72},"end":{"line":57,"column":76}}],"line":57}},"s":{"0":1,"1":1,"2":1,"3":1,"4":0,"5":0,"6":0,"7":0,"8":0,"9":1,"10":1,"11":0,"12":0,"13":0,"14":4},"f":{"0":1,"1":0,"2":1,"3":0,"4":0,"5":0,"6":4},"b":{"0":[0,0],"1":[0,0],"2":[0,1],"3":[0,1],"4":[0,1]},"_coverageSchema":"332fd63041d2c1bcb487cc26dd0d5f7d97098a6c","hash":"bd8d43646b9e1def0ed845809e88ac7915bacc6d"}
,"/Users/eduardopedroso/poc-playground/src/scenes/Inventory/Inventory/index.js": {"path":"/Users/eduardopedroso/poc-playground/src/scenes/Inventory/Inventory/index.js","statementMap":{"0":{"start":{"line":7,"column":4},"end":{"line":9,"column":5}},"1":{"start":{"line":13,"column":21},"end":{"line":20,"column":13}},"2":{"start":{"line":14,"column":37},"end":{"line":19,"column":3}}},"fnMap":{"0":{"name":"(anonymous_0)","decl":{"start":{"line":6,"column":2},"end":{"line":6,"column":3}},"loc":{"start":{"line":6,"column":12},"end":{"line":10,"column":3}},"line":6},"1":{"name":"(anonymous_1)","decl":{"start":{"line":14,"column":11},"end":{"line":14,"column":12}},"loc":{"start":{"line":14,"column":37},"end":{"line":19,"column":3}},"line":14}},"branchMap":{},"s":{"0":1,"1":1,"2":0},"f":{"0":1,"1":0},"b":{},"_coverageSchema":"332fd63041d2c1bcb487cc26dd0d5f7d97098a6c","hash":"f8edd11dcc7c1e9dc1280d521fafc9e58f64848a"}
,"/Users/eduardopedroso/poc-playground/src/scenes/Orders/MyOrders/index.js": {"path":"/Users/eduardopedroso/poc-playground/src/scenes/Orders/MyOrders/index.js","statementMap":{"0":{"start":{"line":7,"column":4},"end":{"line":9,"column":5}},"1":{"start":{"line":13,"column":20},"end":{"line":20,"column":12}},"2":{"start":{"line":14,"column":37},"end":{"line":19,"column":3}}},"fnMap":{"0":{"name":"(anonymous_0)","decl":{"start":{"line":6,"column":2},"end":{"line":6,"column":3}},"loc":{"start":{"line":6,"column":12},"end":{"line":10,"column":3}},"line":6},"1":{"name":"(anonymous_1)","decl":{"start":{"line":14,"column":11},"end":{"line":14,"column":12}},"loc":{"start":{"line":14,"column":37},"end":{"line":19,"column":3}},"line":14}},"branchMap":{},"s":{"0":1,"1":1,"2":0},"f":{"0":1,"1":0},"b":{},"_coverageSchema":"332fd63041d2c1bcb487cc26dd0d5f7d97098a6c","hash":"06ce4afa1ed2542b2a4581e91865f43be19808e9"}
,"/Users/eduardopedroso/poc-playground/src/scenes/Orders/OrderDetails/index.js": {"path":"/Users/eduardopedroso/poc-playground/src/scenes/Orders/OrderDetails/index.js","statementMap":{"0":{"start":{"line":7,"column":4},"end":{"line":9,"column":5}},"1":{"start":{"line":13,"column":24},"end":{"line":20,"column":16}},"2":{"start":{"line":14,"column":37},"end":{"line":19,"column":3}}},"fnMap":{"0":{"name":"(anonymous_0)","decl":{"start":{"line":6,"column":2},"end":{"line":6,"column":3}},"loc":{"start":{"line":6,"column":12},"end":{"line":10,"column":3}},"line":6},"1":{"name":"(anonymous_1)","decl":{"start":{"line":14,"column":11},"end":{"line":14,"column":12}},"loc":{"start":{"line":14,"column":37},"end":{"line":19,"column":3}},"line":14}},"branchMap":{},"s":{"0":1,"1":1,"2":0},"f":{"0":1,"1":0},"b":{},"_coverageSchema":"332fd63041d2c1bcb487cc26dd0d5f7d97098a6c","hash":"d4bec350904aa118a6d78926a1e64022289686d7"}
,"/Users/eduardopedroso/poc-playground/src/scenes/Orders/OrdersHistory/index.js": {"path":"/Users/eduardopedroso/poc-playground/src/scenes/Orders/OrdersHistory/index.js","statementMap":{"0":{"start":{"line":8,"column":4},"end":{"line":12,"column":5}},"1":{"start":{"line":16,"column":25},"end":{"line":23,"column":17}},"2":{"start":{"line":17,"column":37},"end":{"line":22,"column":3}}},"fnMap":{"0":{"name":"(anonymous_0)","decl":{"start":{"line":7,"column":2},"end":{"line":7,"column":3}},"loc":{"start":{"line":7,"column":12},"end":{"line":13,"column":3}},"line":7},"1":{"name":"(anonymous_1)","decl":{"start":{"line":17,"column":11},"end":{"line":17,"column":12}},"loc":{"start":{"line":17,"column":37},"end":{"line":22,"column":3}},"line":17}},"branchMap":{},"s":{"0":1,"1":1,"2":0},"f":{"0":1,"1":0},"b":{},"_coverageSchema":"332fd63041d2c1bcb487cc26dd0d5f7d97098a6c","hash":"97dce759ac66cab6264b996fefb6580d001b117f"}
}
