{"/Users/eduardopedroso/poc-playground/src/App.js": {"path":"/Users/eduardopedroso/poc-playground/src/App.js","statementMap":{"0":{"start":{"line":5,"column":4},"end":{"line":7,"column":5}}},"fnMap":{"0":{"name":"(anonymous_0)","decl":{"start":{"line":4,"column":2},"end":{"line":4,"column":3}},"loc":{"start":{"line":4,"column":12},"end":{"line":8,"column":3}},"line":4}},"branchMap":{},"s":{"0":1},"f":{"0":1},"b":{},"_coverageSchema":"332fd63041d2c1bcb487cc26dd0d5f7d97098a6c","hash":"fd54955237a2444700b9ac40cdcb37e43cc9a8c4"}
,"/Users/eduardopedroso/poc-playground/src/components/common/SideBarSlideAlong/index.js": {"path":"/Users/eduardopedroso/poc-playground/src/components/common/SideBarSlideAlong/index.js","statementMap":{"0":{"start":{"line":9,"column":24},"end":{"line":11,"column":1}},"1":{"start":{"line":15,"column":4},"end":{"line":15,"column":18}},"2":{"start":{"line":17,"column":4},"end":{"line":19,"column":5}},"3":{"start":{"line":21,"column":4},"end":{"line":21,"column":56}},"4":{"start":{"line":25,"column":24},"end":{"line":25,"column":73}},"5":{"start":{"line":25,"column":29},"end":{"line":25,"column":73}},"6":{"start":{"line":26,"column":4},"end":{"line":32,"column":5}},"7":{"start":{"line":36,"column":28},"end":{"line":36,"column":73}},"8":{"start":{"line":37,"column":4},"end":{"line":37,"column":57}},"9":{"start":{"line":41,"column":20},"end":{"line":41,"column":30}},"10":{"start":{"line":42,"column":4},"end":{"line":57,"column":5}},"11":{"start":{"line":61,"column":0},"end":{"line":63,"column":1}},"12":{"start":{"line":65,"column":0},"end":{"line":69,"column":1}}},"fnMap":{"0":{"name":"(anonymous_0)","decl":{"start":{"line":14,"column":2},"end":{"line":14,"column":3}},"loc":{"start":{"line":14,"column":24},"end":{"line":22,"column":3}},"line":14},"1":{"name":"(anonymous_1)","decl":{"start":{"line":24,"column":2},"end":{"line":24,"column":3}},"loc":{"start":{"line":24,"column":52},"end":{"line":33,"column":3}},"line":24},"2":{"name":"(anonymous_2)","decl":{"start":{"line":25,"column":24},"end":{"line":25,"column":25}},"loc":{"start":{"line":25,"column":29},"end":{"line":25,"column":73}},"line":25},"3":{"name":"(anonymous_3)","decl":{"start":{"line":35,"column":2},"end":{"line":35,"column":3}},"loc":{"start":{"line":35,"column":23},"end":{"line":38,"column":3}},"line":35},"4":{"name":"(anonymous_4)","decl":{"start":{"line":40,"column":2},"end":{"line":40,"column":3}},"loc":{"start":{"line":40,"column":12},"end":{"line":58,"column":3}},"line":40}},"branchMap":{"0":{"loc":{"start":{"line":29,"column":9},"end":{"line":29,"column":37}},"type":"binary-expr","locations":[{"start":{"line":29,"column":9},"end":{"line":29,"column":13}},{"start":{"line":29,"column":17},"end":{"line":29,"column":37}}],"line":29},"1":{"loc":{"start":{"line":30,"column":9},"end":{"line":30,"column":35}},"type":"binary-expr","locations":[{"start":{"line":30,"column":9},"end":{"line":30,"column":27}},{"start":{"line":30,"column":31},"end":{"line":30,"column":35}}],"line":30},"2":{"loc":{"start":{"line":46,"column":13},"end":{"line":46,"column":52}},"type":"binary-expr","locations":[{"start":{"line":46,"column":13},"end":{"line":46,"column":18}},{"start":{"line":46,"column":22},"end":{"line":46,"column":52}}],"line":46}},"s":{"0":1,"1":1,"2":1,"3":1,"4":5,"5":0,"6":5,"7":1,"8":1,"9":2,"10":2,"11":1,"12":1},"f":{"0":1,"1":5,"2":0,"3":1,"4":2},"b":{"0":[5,0],"1":[5,0],"2":[2,2]},"_coverageSchema":"332fd63041d2c1bcb487cc26dd0d5f7d97098a6c","hash":"3f9a63b8c39c3c3230881587ec392ba56908a950"}
,"/Users/eduardopedroso/poc-playground/src/scenes/Inventory/Inventory/index.js": {"path":"/Users/eduardopedroso/poc-playground/src/scenes/Inventory/Inventory/index.js","statementMap":{"0":{"start":{"line":7,"column":4},"end":{"line":9,"column":5}},"1":{"start":{"line":13,"column":21},"end":{"line":20,"column":13}},"2":{"start":{"line":14,"column":37},"end":{"line":19,"column":3}}},"fnMap":{"0":{"name":"(anonymous_0)","decl":{"start":{"line":6,"column":2},"end":{"line":6,"column":3}},"loc":{"start":{"line":6,"column":12},"end":{"line":10,"column":3}},"line":6},"1":{"name":"(anonymous_1)","decl":{"start":{"line":14,"column":11},"end":{"line":14,"column":12}},"loc":{"start":{"line":14,"column":37},"end":{"line":19,"column":3}},"line":14}},"branchMap":{},"s":{"0":1,"1":1,"2":0},"f":{"0":1,"1":0},"b":{},"_coverageSchema":"332fd63041d2c1bcb487cc26dd0d5f7d97098a6c","hash":"f8edd11dcc7c1e9dc1280d521fafc9e58f64848a"}
,"/Users/eduardopedroso/poc-playground/src/scenes/Orders/MyOrders/index.js": {"path":"/Users/eduardopedroso/poc-playground/src/scenes/Orders/MyOrders/index.js","statementMap":{"0":{"start":{"line":7,"column":4},"end":{"line":9,"column":5}},"1":{"start":{"line":13,"column":20},"end":{"line":20,"column":12}},"2":{"start":{"line":14,"column":37},"end":{"line":19,"column":3}}},"fnMap":{"0":{"name":"(anonymous_0)","decl":{"start":{"line":6,"column":2},"end":{"line":6,"column":3}},"loc":{"start":{"line":6,"column":12},"end":{"line":10,"column":3}},"line":6},"1":{"name":"(anonymous_1)","decl":{"start":{"line":14,"column":11},"end":{"line":14,"column":12}},"loc":{"start":{"line":14,"column":37},"end":{"line":19,"column":3}},"line":14}},"branchMap":{},"s":{"0":1,"1":1,"2":0},"f":{"0":1,"1":0},"b":{},"_coverageSchema":"332fd63041d2c1bcb487cc26dd0d5f7d97098a6c","hash":"06ce4afa1ed2542b2a4581e91865f43be19808e9"}
,"/Users/eduardopedroso/poc-playground/src/scenes/Orders/OrderDetails/index.js": {"path":"/Users/eduardopedroso/poc-playground/src/scenes/Orders/OrderDetails/index.js","statementMap":{"0":{"start":{"line":7,"column":4},"end":{"line":9,"column":5}},"1":{"start":{"line":13,"column":24},"end":{"line":20,"column":16}},"2":{"start":{"line":14,"column":37},"end":{"line":19,"column":3}}},"fnMap":{"0":{"name":"(anonymous_0)","decl":{"start":{"line":6,"column":2},"end":{"line":6,"column":3}},"loc":{"start":{"line":6,"column":12},"end":{"line":10,"column":3}},"line":6},"1":{"name":"(anonymous_1)","decl":{"start":{"line":14,"column":11},"end":{"line":14,"column":12}},"loc":{"start":{"line":14,"column":37},"end":{"line":19,"column":3}},"line":14}},"branchMap":{},"s":{"0":1,"1":1,"2":0},"f":{"0":1,"1":0},"b":{},"_coverageSchema":"332fd63041d2c1bcb487cc26dd0d5f7d97098a6c","hash":"d4bec350904aa118a6d78926a1e64022289686d7"}
,"/Users/eduardopedroso/poc-playground/src/scenes/Orders/OrdersHistory/index.js": {"path":"/Users/eduardopedroso/poc-playground/src/scenes/Orders/OrdersHistory/index.js","statementMap":{"0":{"start":{"line":7,"column":4},"end":{"line":9,"column":5}},"1":{"start":{"line":13,"column":25},"end":{"line":20,"column":17}},"2":{"start":{"line":14,"column":37},"end":{"line":19,"column":3}}},"fnMap":{"0":{"name":"(anonymous_0)","decl":{"start":{"line":6,"column":2},"end":{"line":6,"column":3}},"loc":{"start":{"line":6,"column":12},"end":{"line":10,"column":3}},"line":6},"1":{"name":"(anonymous_1)","decl":{"start":{"line":14,"column":11},"end":{"line":14,"column":12}},"loc":{"start":{"line":14,"column":37},"end":{"line":19,"column":3}},"line":14}},"branchMap":{},"s":{"0":1,"1":1,"2":0},"f":{"0":1,"1":0},"b":{},"_coverageSchema":"332fd63041d2c1bcb487cc26dd0d5f7d97098a6c","hash":"0f59080d05f65719adf689de770f8dba7bd0f171"}
}
