TN:
SF:/Users/eduardopedroso/poc-playground/src/App.js
FN:4,(anonymous_0)
FNF:1
FNH:1
FNDA:1,(anonymous_0)
DA:5,1
LF:1
LH:1
BRF:0
BRH:0
end_of_record
TN:
SF:/Users/eduardopedroso/poc-playground/src/components/common/SideBarSlideAlong/index.js
FN:14,(anonymous_0)
FN:24,(anonymous_1)
FN:25,(anonymous_2)
FN:35,(anonymous_3)
FN:40,(anonymous_4)
FNF:5
FNH:4
FNDA:1,(anonymous_0)
FNDA:5,(anonymous_1)
FNDA:0,(anonymous_2)
FNDA:1,(anonymous_3)
FNDA:2,(anonymous_4)
DA:9,1
DA:15,1
DA:17,1
DA:21,1
DA:25,5
DA:26,5
DA:36,1
DA:37,1
DA:41,2
DA:42,2
DA:61,1
DA:65,1
LF:12
LH:12
BRDA:29,0,0,5
BRDA:29,0,1,0
BRDA:30,1,0,5
BRDA:30,1,1,0
BRDA:46,2,0,2
BRDA:46,2,1,2
BRF:6
BRH:4
end_of_record
TN:
SF:/Users/eduardopedroso/poc-playground/src/scenes/Inventory/Inventory/index.js
FN:6,(anonymous_0)
FN:14,(anonymous_1)
FNF:2
FNH:1
FNDA:1,(anonymous_0)
FNDA:0,(anonymous_1)
DA:7,1
DA:13,1
DA:14,0
LF:3
LH:2
BRF:0
BRH:0
end_of_record
TN:
SF:/Users/eduardopedroso/poc-playground/src/scenes/Orders/MyOrders/index.js
FN:6,(anonymous_0)
FN:14,(anonymous_1)
FNF:2
FNH:1
FNDA:1,(anonymous_0)
FNDA:0,(anonymous_1)
DA:7,1
DA:13,1
DA:14,0
LF:3
LH:2
BRF:0
BRH:0
end_of_record
TN:
SF:/Users/eduardopedroso/poc-playground/src/scenes/Orders/OrderDetails/index.js
FN:6,(anonymous_0)
FN:14,(anonymous_1)
FNF:2
FNH:1
FNDA:1,(anonymous_0)
FNDA:0,(anonymous_1)
DA:7,1
DA:13,1
DA:14,0
LF:3
LH:2
BRF:0
BRH:0
end_of_record
TN:
SF:/Users/eduardopedroso/poc-playground/src/scenes/Orders/OrdersHistory/index.js
FN:6,(anonymous_0)
FN:14,(anonymous_1)
FNF:2
FNH:1
FNDA:1,(anonymous_0)
FNDA:0,(anonymous_1)
DA:7,1
DA:13,1
DA:14,0
LF:3
LH:2
BRF:0
BRH:0
end_of_record
