TN:
SF:/Users/eduardopedroso/poc-playground/src/App.js
FN:4,(anonymous_0)
FNF:1
FNH:1
FNDA:1,(anonymous_0)
DA:5,1
LF:1
LH:1
BRF:0
BRH:0
end_of_record
TN:
SF:/Users/eduardopedroso/poc-playground/src/components/common/SideBarSlideAlong/index.js
FN:14,(anonymous_0)
FN:25,(anonymous_1)
FN:30,(anonymous_2)
FN:32,(anonymous_3)
FN:40,(anonymous_4)
FN:45,(anonymous_5)
FNF:6
FNH:5
FNDA:2,(anonymous_0)
FNDA:1,(anonymous_1)
FNDA:15,(anonymous_2)
FNDA:0,(anonymous_3)
FNDA:2,(anonymous_4)
FNDA:5,(anonymous_5)
DA:9,1
DA:15,2
DA:17,2
DA:21,2
DA:22,2
DA:26,1
DA:27,1
DA:31,15
DA:32,0
DA:41,2
DA:42,2
DA:46,5
DA:47,5
DA:66,1
DA:70,1
LF:15
LH:14
BRDA:34,0,0,15
BRDA:34,0,1,0
BRDA:35,1,0,15
BRDA:35,1,1,0
BRDA:51,2,0,5
BRDA:51,2,1,5
BRF:6
BRH:4
end_of_record
TN:
SF:/Users/eduardopedroso/poc-playground/src/components/common/SortableTable/index.js
FN:22,(anonymous_0)
FN:33,(anonymous_1)
FN:51,(anonymous_2)
FN:58,(anonymous_3)
FN:61,(anonymous_4)
FN:64,(anonymous_5)
FN:67,(anonymous_6)
FN:70,(anonymous_7)
FN:76,(anonymous_8)
FNF:9
FNH:3
FNDA:1,(anonymous_0)
FNDA:0,(anonymous_1)
FNDA:1,(anonymous_2)
FNDA:0,(anonymous_3)
FNDA:0,(anonymous_4)
FNDA:0,(anonymous_5)
FNDA:0,(anonymous_6)
FNDA:0,(anonymous_7)
FNDA:4,(anonymous_8)
DA:6,1
DA:13,1
DA:23,1
DA:24,1
DA:30,1
DA:34,0
DA:35,0
DA:36,0
DA:42,0
DA:45,0
DA:52,1
DA:54,1
DA:58,0
DA:61,0
DA:64,0
DA:67,0
DA:70,0
DA:77,4
LF:18
LH:8
BRDA:35,0,0,0
BRDA:35,0,1,0
BRDA:47,1,0,0
BRDA:47,1,1,0
BRDA:58,2,0,0
BRDA:58,2,1,1
BRDA:61,3,0,0
BRDA:61,3,1,1
BRDA:64,4,0,0
BRDA:64,4,1,1
BRDA:67,5,0,0
BRDA:67,5,1,1
BRDA:70,6,0,0
BRDA:70,6,1,1
BRF:14
BRH:5
end_of_record
TN:
SF:/Users/eduardopedroso/poc-playground/src/scenes/Inventory/Inventory/index.js
FN:6,(anonymous_0)
FN:14,(anonymous_1)
FNF:2
FNH:1
FNDA:1,(anonymous_0)
FNDA:0,(anonymous_1)
DA:7,1
DA:13,1
DA:14,0
LF:3
LH:2
BRF:0
BRH:0
end_of_record
TN:
SF:/Users/eduardopedroso/poc-playground/src/scenes/Orders/MyOrders/index.js
FN:6,(anonymous_0)
FN:14,(anonymous_1)
FNF:2
FNH:1
FNDA:1,(anonymous_0)
FNDA:0,(anonymous_1)
DA:7,1
DA:13,1
DA:14,0
LF:3
LH:2
BRF:0
BRH:0
end_of_record
TN:
SF:/Users/eduardopedroso/poc-playground/src/scenes/Orders/OrderDetails/index.js
FN:6,(anonymous_0)
FN:14,(anonymous_1)
FNF:2
FNH:1
FNDA:1,(anonymous_0)
FNDA:0,(anonymous_1)
DA:7,1
DA:13,1
DA:14,0
LF:3
LH:2
BRF:0
BRH:0
end_of_record
TN:
SF:/Users/eduardopedroso/poc-playground/src/scenes/Orders/OrdersHistory/index.js
FN:7,(anonymous_0)
FN:17,(anonymous_1)
FNF:2
FNH:1
FNDA:1,(anonymous_0)
FNDA:0,(anonymous_1)
DA:8,1
DA:16,1
DA:17,0
LF:3
LH:2
BRF:0
BRH:0
end_of_record
